<?xml version="1.0" encoding="UTF-8"?>
<!-- Generated by org.testng.reporters.JUnitReportReporter -->
<testsuite hostname="IMRAN" failures="0" tests="1" name="scroll_down.ScrollDownTypes" time="12.336" errors="0" timestamp="2021-09-27T15:05:10 BDT" skipped="0">
  <testcase classname="scroll_down.ScrollDownTypes" name="ScrollDown" time="12.336"/>
  <system-out/>
</testsuite> <!-- scroll_down.ScrollDownTypes -->
